Performing system checks...

System check identified no issues (0 silenced).
March 18, 2023 - 17:29:35
Django version 4.1.7, using settings 'drinks.settings'
Starting development server at http://0.0.0.0:80/
Quit the server with CONTROL-C.
Performing system checks...

Performing system checks...

Performing system checks...

System check identified no issues (0 silenced).
March 21, 2023 - 19:15:17
Django version 4.1.7, using settings 'drinks.settings'
Starting development server at http://0.0.0.0:80/
Quit the server with CONTROL-C.
Performing system checks...

System check identified no issues (0 silenced).

You have 23 unapplied migration(s). Your project may not work properly until you apply the migrations for app(s): admin, auth, contenttypes, drinks, sessions.
Run 'python manage.py migrate' to apply them.
April 06, 2023 - 11:42:51
Django version 4.1.7, using settings 'drinks.settings'
Starting development server at http://0.0.0.0:80/
Quit the server with CONTROL-C.
Performing system checks...

System check identified no issues (0 silenced).

You have 23 unapplied migration(s). Your project may not work properly until you apply the migrations for app(s): admin, auth, contenttypes, drinks, sessions.
Run 'python manage.py migrate' to apply them.
April 06, 2023 - 11:50:57
Django version 4.1.7, using settings 'drinks.settings'
Starting development server at http://0.0.0.0:80/
Quit the server with CONTROL-C.
